[2024-06-20 14:01:50,448][flwr][INFO] - Starting Flower simulation, config: ServerConfig(num_rounds=2, round_timeout=None)
[2024-06-20 14:01:52,679][flwr][INFO] - Flower VCE: Ray initialized with resources: {'memory': 2735112192.0, 'CPU': 8.0, 'object_store_memory': 1367556096.0, 'node:127.0.0.1': 1.0, 'node:__internal_head__': 1.0}
[2024-06-20 14:01:52,680][flwr][INFO] - Initializing global parameters
[2024-06-20 14:01:52,680][flwr][INFO] - Requesting initial parameters from one random client
[2024-06-20 14:01:53,249][flwr][INFO] - Received initial parameters from one random client
[2024-06-20 14:01:53,249][flwr][INFO] - Evaluating initial parameters
[2024-06-20 14:01:53,925][flwr][INFO] - initial parameters (loss, other metrics): 182.4956784248352, {'accuracy': 0.0974}
[2024-06-20 14:01:53,925][flwr][INFO] - FL starting
[2024-06-20 14:01:53,925][flwr][DEBUG] - fit_round 1: strategy sampled 5 clients (out of 100)
[2024-06-20 14:01:57,140][flwr][DEBUG] - fit_round 1 received 5 results and 0 failures
[2024-06-20 14:01:57,145][flwr][WARNING] - No fit_metrics_aggregation_fn provided
[2024-06-20 14:01:57,802][flwr][INFO] - fit progress: (1, 180.16057968139648, {'accuracy': 0.1266}, 3.876975707999999)
[2024-06-20 14:01:57,803][flwr][DEBUG] - evaluate_round 1: strategy sampled 10 clients (out of 100)
[2024-06-20 14:02:03,257][flwr][DEBUG] - evaluate_round 1 received 10 results and 0 failures
[2024-06-20 14:02:03,258][flwr][WARNING] - No evaluate_metrics_aggregation_fn provided
[2024-06-20 14:02:03,258][flwr][DEBUG] - fit_round 2: strategy sampled 5 clients (out of 100)
[2024-06-20 14:02:05,656][flwr][DEBUG] - fit_round 2 received 5 results and 0 failures
[2024-06-20 14:02:06,300][flwr][INFO] - fit progress: (2, 171.32732605934143, {'accuracy': 0.4053}, 12.375291291)
[2024-06-20 14:02:06,301][flwr][DEBUG] - evaluate_round 2: strategy sampled 10 clients (out of 100)
[2024-06-20 14:02:11,377][flwr][DEBUG] - evaluate_round 2 received 10 results and 0 failures
[2024-06-20 14:02:11,378][flwr][INFO] - FL finished in 17.453214125000002
[2024-06-20 14:02:11,379][flwr][INFO] - app_fit: losses_distributed [(1, 6.837435078620911), (2, 6.552904152870179)]
[2024-06-20 14:02:11,379][flwr][INFO] - app_fit: metrics_distributed_fit {}
[2024-06-20 14:02:11,379][flwr][INFO] - app_fit: metrics_distributed {}
[2024-06-20 14:02:11,379][flwr][INFO] - app_fit: losses_centralized [(0, 182.4956784248352), (1, 180.16057968139648), (2, 171.32732605934143)]
[2024-06-20 14:02:11,379][flwr][INFO] - app_fit: metrics_centralized {'accuracy': [(0, 0.0974), (1, 0.1266), (2, 0.4053)]}
