[2024-06-20 13:20:47,273][flwr][INFO] - Starting Flower simulation, config: ServerConfig(num_rounds=5, round_timeout=None)
[2024-06-20 13:20:49,433][flwr][INFO] - Flower VCE: Ray initialized with resources: {'memory': 2724750951.0, 'CPU': 8.0, 'node:__internal_head__': 1.0, 'object_store_memory': 1362375475.0, 'node:127.0.0.1': 1.0}
[2024-06-20 13:20:49,433][flwr][INFO] - Initializing global parameters
[2024-06-20 13:20:49,433][flwr][INFO] - Requesting initial parameters from one random client
[2024-06-20 13:20:50,029][flwr][INFO] - Received initial parameters from one random client
[2024-06-20 13:20:50,029][flwr][INFO] - Evaluating initial parameters
[2024-06-20 13:20:50,719][flwr][INFO] - initial parameters (loss, other metrics): 181.954021692276, {'accuracy': 0.1039}
[2024-06-20 13:20:50,719][flwr][INFO] - FL starting
[2024-06-20 13:20:50,719][flwr][DEBUG] - fit_round 1: strategy sampled 10 clients (out of 100)
[2024-06-20 13:20:57,337][flwr][DEBUG] - fit_round 1 received 10 results and 0 failures
[2024-06-20 13:20:57,346][flwr][WARNING] - No fit_metrics_aggregation_fn provided
[2024-06-20 13:20:58,019][flwr][INFO] - fit progress: (1, 178.7518846988678, {'accuracy': 0.3056}, 7.300028209)
[2024-06-20 13:20:58,019][flwr][DEBUG] - evaluate_round 1: strategy sampled 25 clients (out of 100)
[2024-06-20 13:21:12,772][flwr][DEBUG] - evaluate_round 1 received 25 results and 0 failures
[2024-06-20 13:21:12,773][flwr][WARNING] - No evaluate_metrics_aggregation_fn provided
[2024-06-20 13:21:12,776][flwr][DEBUG] - fit_round 2: strategy sampled 10 clients (out of 100)
[2024-06-20 13:21:18,694][flwr][DEBUG] - fit_round 2 received 10 results and 0 failures
[2024-06-20 13:21:19,366][flwr][INFO] - fit progress: (2, 162.22672367095947, {'accuracy': 0.4955}, 28.646942541999998)
[2024-06-20 13:21:19,366][flwr][DEBUG] - evaluate_round 2: strategy sampled 25 clients (out of 100)
[2024-06-20 13:21:32,579][flwr][DEBUG] - evaluate_round 2 received 25 results and 0 failures
[2024-06-20 13:21:32,580][flwr][DEBUG] - fit_round 3: strategy sampled 10 clients (out of 100)
[2024-06-20 13:21:37,805][flwr][DEBUG] - fit_round 3 received 10 results and 0 failures
[2024-06-20 13:21:38,573][flwr][INFO] - fit progress: (3, 66.33804306387901, {'accuracy': 0.7352}, 47.853804917)
[2024-06-20 13:21:38,573][flwr][DEBUG] - evaluate_round 3: strategy sampled 25 clients (out of 100)
[2024-06-20 13:21:51,902][flwr][DEBUG] - evaluate_round 3 received 25 results and 0 failures
[2024-06-20 13:21:51,903][flwr][DEBUG] - fit_round 4: strategy sampled 10 clients (out of 100)
[2024-06-20 13:21:57,444][flwr][DEBUG] - fit_round 4 received 10 results and 0 failures
[2024-06-20 13:21:58,117][flwr][INFO] - fit progress: (4, 44.96928648650646, {'accuracy': 0.8166}, 67.397913375)
[2024-06-20 13:21:58,117][flwr][DEBUG] - evaluate_round 4: strategy sampled 25 clients (out of 100)
[2024-06-20 13:22:11,133][flwr][DEBUG] - evaluate_round 4 received 25 results and 0 failures
[2024-06-20 13:22:11,134][flwr][DEBUG] - fit_round 5: strategy sampled 10 clients (out of 100)
[2024-06-20 13:22:16,888][flwr][DEBUG] - fit_round 5 received 10 results and 0 failures
[2024-06-20 13:22:17,600][flwr][INFO] - fit progress: (5, 33.8533426374197, {'accuracy': 0.8818}, 86.88159800000001)
[2024-06-20 13:22:17,601][flwr][DEBUG] - evaluate_round 5: strategy sampled 25 clients (out of 100)
[2024-06-20 13:22:32,137][flwr][DEBUG] - evaluate_round 5 received 25 results and 0 failures
[2024-06-20 13:22:32,138][flwr][INFO] - FL finished in 101.41932550000001
[2024-06-20 13:22:32,139][flwr][INFO] - app_fit: losses_distributed [(1, 6.792711277008056), (2, 6.176547417640686), (3, 2.6164401257038117), (4, 1.8440995848178863), (5, 1.4865629622340202)]
[2024-06-20 13:22:32,139][flwr][INFO] - app_fit: metrics_distributed_fit {}
[2024-06-20 13:22:32,139][flwr][INFO] - app_fit: metrics_distributed {}
[2024-06-20 13:22:32,139][flwr][INFO] - app_fit: losses_centralized [(0, 181.954021692276), (1, 178.7518846988678), (2, 162.22672367095947), (3, 66.33804306387901), (4, 44.96928648650646), (5, 33.8533426374197)]
[2024-06-20 13:22:32,139][flwr][INFO] - app_fit: metrics_centralized {'accuracy': [(0, 0.1039), (1, 0.3056), (2, 0.4955), (3, 0.7352), (4, 0.8166), (5, 0.8818)]}
